Generated at 2017-08-29 17:28:14 +0000
Mixlib::ShellOut::ShellCommandFailed: yum_package[apache2] (apache::default line 8) had an error: Mixlib::ShellOut::ShellCommandFailed: Expected process to exit with [0], but received '1'
---- Begin output of /usr/bin/python /opt/chef/embedded/lib/ruby/gems/2.4.0/gems/chef-13.3.42/lib/chef/provider/package/yum/yum-dump.py --options --installed-provides --yum-lock-timeout 30 ----
STDOUT: 
STDERR: Traceback (most recent call last):
  File "/opt/chef/embedded/lib/ruby/gems/2.4.0/gems/chef-13.3.42/lib/chef/provider/package/yum/yum-dump.py", line 36, in <module>
    import yum
ImportError: No module named yum
---- End output of /usr/bin/python /opt/chef/embedded/lib/ruby/gems/2.4.0/gems/chef-13.3.42/lib/chef/provider/package/yum/yum-dump.py --options --installed-provides --yum-lock-timeout 30 ----
Ran /usr/bin/python /opt/chef/embedded/lib/ruby/gems/2.4.0/gems/chef-13.3.42/lib/chef/provider/package/yum/yum-dump.py --options --installed-provides --yum-lock-timeout 30 returned 1
/opt/chef/embedded/lib/ruby/gems/2.4.0/gems/mixlib-shellout-2.3.2/lib/mixlib/shellout.rb:293:in `invalid!'
/opt/chef/embedded/lib/ruby/gems/2.4.0/gems/mixlib-shellout-2.3.2/lib/mixlib/shellout.rb:280:in `error!'
/opt/chef/embedded/lib/ruby/gems/2.4.0/gems/chef-13.3.42/lib/chef/mixin/shell_out.rb:120:in `shell_out!'
/opt/chef/embedded/lib/ruby/gems/2.4.0/gems/chef-13.3.42/lib/chef/provider/package/yum/yum_cache.rb:104:in `refresh'
/opt/chef/embedded/lib/ruby/gems/2.4.0/gems/chef-13.3.42/lib/chef/provider/package/yum/yum_cache.rb:231:in `package_available?'
/opt/chef/embedded/lib/ruby/gems/2.4.0/gems/chef-13.3.42/lib/chef/provider/package/yum.rb:392:in `block in convert_dependency_strings_into_packages'
/opt/chef/embedded/lib/ruby/gems/2.4.0/gems/chef-13.3.42/lib/chef/provider/package/yum.rb:391:in `each'
/opt/chef/embedded/lib/ruby/gems/2.4.0/gems/chef-13.3.42/lib/chef/provider/package/yum.rb:391:in `each_with_index'
/opt/chef/embedded/lib/ruby/gems/2.4.0/gems/chef-13.3.42/lib/chef/provider/package/yum.rb:391:in `convert_dependency_strings_into_packages'
/opt/chef/embedded/lib/ruby/gems/2.4.0/gems/chef-13.3.42/lib/chef/provider/package/yum.rb:89:in `load_current_resource'
/opt/chef/embedded/lib/ruby/gems/2.4.0/gems/chef-13.3.42/lib/chef/provider.rb:154:in `run_action'
/opt/chef/embedded/lib/ruby/gems/2.4.0/gems/chef-13.3.42/lib/chef/resource.rb:591:in `run_action'
/opt/chef/embedded/lib/ruby/gems/2.4.0/gems/chef-13.3.42/lib/chef/runner.rb:70:in `run_action'
/opt/chef/embedded/lib/ruby/gems/2.4.0/gems/chef-13.3.42/lib/chef/runner.rb:98:in `block (2 levels) in converge'
/opt/chef/embedded/lib/ruby/gems/2.4.0/gems/chef-13.3.42/lib/chef/runner.rb:98:in `each'
/opt/chef/embedded/lib/ruby/gems/2.4.0/gems/chef-13.3.42/lib/chef/runner.rb:98:in `block in converge'
/opt/chef/embedded/lib/ruby/gems/2.4.0/gems/chef-13.3.42/lib/chef/resource_collection/resource_list.rb:94:in `block in execute_each_resource'
/opt/chef/embedded/lib/ruby/gems/2.4.0/gems/chef-13.3.42/lib/chef/resource_collection/stepable_iterator.rb:114:in `call_iterator_block'
/opt/chef/embedded/lib/ruby/gems/2.4.0/gems/chef-13.3.42/lib/chef/resource_collection/stepable_iterator.rb:85:in `step'
/opt/chef/embedded/lib/ruby/gems/2.4.0/gems/chef-13.3.42/lib/chef/resource_collection/stepable_iterator.rb:103:in `iterate'
/opt/chef/embedded/lib/ruby/gems/2.4.0/gems/chef-13.3.42/lib/chef/resource_collection/stepable_iterator.rb:55:in `each_with_index'
/opt/chef/embedded/lib/ruby/gems/2.4.0/gems/chef-13.3.42/lib/chef/resource_collection/resource_list.rb:92:in `execute_each_resource'
/opt/chef/embedded/lib/ruby/gems/2.4.0/gems/chef-13.3.42/lib/chef/runner.rb:97:in `converge'
/opt/chef/embedded/lib/ruby/gems/2.4.0/gems/chef-13.3.42/lib/chef/client.rb:715:in `block in converge'
/opt/chef/embedded/lib/ruby/gems/2.4.0/gems/chef-13.3.42/lib/chef/client.rb:710:in `catch'
/opt/chef/embedded/lib/ruby/gems/2.4.0/gems/chef-13.3.42/lib/chef/client.rb:710:in `converge'
/opt/chef/embedded/lib/ruby/gems/2.4.0/gems/chef-13.3.42/lib/chef/client.rb:749:in `converge_and_save'
/opt/chef/embedded/lib/ruby/gems/2.4.0/gems/chef-13.3.42/lib/chef/client.rb:286:in `run'
/opt/chef/embedded/lib/ruby/gems/2.4.0/gems/chef-13.3.42/lib/chef/application.rb:291:in `block in fork_chef_client'
/opt/chef/embedded/lib/ruby/gems/2.4.0/gems/chef-13.3.42/lib/chef/application.rb:279:in `fork'
/opt/chef/embedded/lib/ruby/gems/2.4.0/gems/chef-13.3.42/lib/chef/application.rb:279:in `fork_chef_client'
/opt/chef/embedded/lib/ruby/gems/2.4.0/gems/chef-13.3.42/lib/chef/application.rb:244:in `block in run_chef_client'
/opt/chef/embedded/lib/ruby/gems/2.4.0/gems/chef-13.3.42/lib/chef/local_mode.rb:44:in `with_server_connectivity'
/opt/chef/embedded/lib/ruby/gems/2.4.0/gems/chef-13.3.42/lib/chef/application.rb:232:in `run_chef_client'
/opt/chef/embedded/lib/ruby/gems/2.4.0/gems/chef-13.3.42/lib/chef/application/client.rb:469:in `sleep_then_run_chef_client'
/opt/chef/embedded/lib/ruby/gems/2.4.0/gems/chef-13.3.42/lib/chef/application/client.rb:458:in `block in interval_run_chef_client'
/opt/chef/embedded/lib/ruby/gems/2.4.0/gems/chef-13.3.42/lib/chef/application/client.rb:457:in `loop'
/opt/chef/embedded/lib/ruby/gems/2.4.0/gems/chef-13.3.42/lib/chef/application/client.rb:457:in `interval_run_chef_client'
/opt/chef/embedded/lib/ruby/gems/2.4.0/gems/chef-13.3.42/lib/chef/application/client.rb:441:in `run_application'
/opt/chef/embedded/lib/ruby/gems/2.4.0/gems/chef-13.3.42/lib/chef/application.rb:59:in `run'
/opt/chef/embedded/lib/ruby/gems/2.4.0/gems/chef-13.3.42/lib/chef/application/solo.rb:225:in `run'
/opt/chef/embedded/lib/ruby/gems/2.4.0/gems/chef-13.3.42/bin/chef-solo:25:in `<top (required)>'
/usr/bin/chef-solo:58:in `load'
/usr/bin/chef-solo:58:in `<main>'

>>>> Caused by Mixlib::ShellOut::ShellCommandFailed: Expected process to exit with [0], but received '1'
---- Begin output of /usr/bin/python /opt/chef/embedded/lib/ruby/gems/2.4.0/gems/chef-13.3.42/lib/chef/provider/package/yum/yum-dump.py --options --installed-provides --yum-lock-timeout 30 ----
STDOUT: 
STDERR: Traceback (most recent call last):
  File "/opt/chef/embedded/lib/ruby/gems/2.4.0/gems/chef-13.3.42/lib/chef/provider/package/yum/yum-dump.py", line 36, in <module>
    import yum
ImportError: No module named yum
---- End output of /usr/bin/python /opt/chef/embedded/lib/ruby/gems/2.4.0/gems/chef-13.3.42/lib/chef/provider/package/yum/yum-dump.py --options --installed-provides --yum-lock-timeout 30 ----
Ran /usr/bin/python /opt/chef/embedded/lib/ruby/gems/2.4.0/gems/chef-13.3.42/lib/chef/provider/package/yum/yum-dump.py --options --installed-provides --yum-lock-timeout 30 returned 1
/opt/chef/embedded/lib/ruby/gems/2.4.0/gems/mixlib-shellout-2.3.2/lib/mixlib/shellout.rb:293:in `invalid!'
/opt/chef/embedded/lib/ruby/gems/2.4.0/gems/mixlib-shellout-2.3.2/lib/mixlib/shellout.rb:280:in `error!'
/opt/chef/embedded/lib/ruby/gems/2.4.0/gems/chef-13.3.42/lib/chef/mixin/shell_out.rb:120:in `shell_out!'
/opt/chef/embedded/lib/ruby/gems/2.4.0/gems/chef-13.3.42/lib/chef/provider/package/yum/yum_cache.rb:104:in `refresh'
/opt/chef/embedded/lib/ruby/gems/2.4.0/gems/chef-13.3.42/lib/chef/provider/package/yum/yum_cache.rb:231:in `package_available?'
/opt/chef/embedded/lib/ruby/gems/2.4.0/gems/chef-13.3.42/lib/chef/provider/package/yum.rb:392:in `block in convert_dependency_strings_into_packages'
/opt/chef/embedded/lib/ruby/gems/2.4.0/gems/chef-13.3.42/lib/chef/provider/package/yum.rb:391:in `each'
/opt/chef/embedded/lib/ruby/gems/2.4.0/gems/chef-13.3.42/lib/chef/provider/package/yum.rb:391:in `each_with_index'
/opt/chef/embedded/lib/ruby/gems/2.4.0/gems/chef-13.3.42/lib/chef/provider/package/yum.rb:391:in `convert_dependency_strings_into_packages'
/opt/chef/embedded/lib/ruby/gems/2.4.0/gems/chef-13.3.42/lib/chef/provider/package/yum.rb:89:in `load_current_resource'
/opt/chef/embedded/lib/ruby/gems/2.4.0/gems/chef-13.3.42/lib/chef/provider.rb:154:in `run_action'
/opt/chef/embedded/lib/ruby/gems/2.4.0/gems/chef-13.3.42/lib/chef/resource.rb:591:in `run_action'
/opt/chef/embedded/lib/ruby/gems/2.4.0/gems/chef-13.3.42/lib/chef/runner.rb:70:in `run_action'
/opt/chef/embedded/lib/ruby/gems/2.4.0/gems/chef-13.3.42/lib/chef/runner.rb:98:in `block (2 levels) in converge'
/opt/chef/embedded/lib/ruby/gems/2.4.0/gems/chef-13.3.42/lib/chef/runner.rb:98:in `each'
/opt/chef/embedded/lib/ruby/gems/2.4.0/gems/chef-13.3.42/lib/chef/runner.rb:98:in `block in converge'
/opt/chef/embedded/lib/ruby/gems/2.4.0/gems/chef-13.3.42/lib/chef/resource_collection/resource_list.rb:94:in `block in execute_each_resource'
/opt/chef/embedded/lib/ruby/gems/2.4.0/gems/chef-13.3.42/lib/chef/resource_collection/stepable_iterator.rb:114:in `call_iterator_block'
/opt/chef/embedded/lib/ruby/gems/2.4.0/gems/chef-13.3.42/lib/chef/resource_collection/stepable_iterator.rb:85:in `step'
/opt/chef/embedded/lib/ruby/gems/2.4.0/gems/chef-13.3.42/lib/chef/resource_collection/stepable_iterator.rb:103:in `iterate'
/opt/chef/embedded/lib/ruby/gems/2.4.0/gems/chef-13.3.42/lib/chef/resource_collection/stepable_iterator.rb:55:in `each_with_index'
/opt/chef/embedded/lib/ruby/gems/2.4.0/gems/chef-13.3.42/lib/chef/resource_collection/resource_list.rb:92:in `execute_each_resource'
/opt/chef/embedded/lib/ruby/gems/2.4.0/gems/chef-13.3.42/lib/chef/runner.rb:97:in `converge'
/opt/chef/embedded/lib/ruby/gems/2.4.0/gems/chef-13.3.42/lib/chef/client.rb:715:in `block in converge'
/opt/chef/embedded/lib/ruby/gems/2.4.0/gems/chef-13.3.42/lib/chef/client.rb:710:in `catch'
/opt/chef/embedded/lib/ruby/gems/2.4.0/gems/chef-13.3.42/lib/chef/client.rb:710:in `converge'
/opt/chef/embedded/lib/ruby/gems/2.4.0/gems/chef-13.3.42/lib/chef/client.rb:749:in `converge_and_save'
/opt/chef/embedded/lib/ruby/gems/2.4.0/gems/chef-13.3.42/lib/chef/client.rb:286:in `run'
/opt/chef/embedded/lib/ruby/gems/2.4.0/gems/chef-13.3.42/lib/chef/application.rb:291:in `block in fork_chef_client'
/opt/chef/embedded/lib/ruby/gems/2.4.0/gems/chef-13.3.42/lib/chef/application.rb:279:in `fork'
/opt/chef/embedded/lib/ruby/gems/2.4.0/gems/chef-13.3.42/lib/chef/application.rb:279:in `fork_chef_client'
/opt/chef/embedded/lib/ruby/gems/2.4.0/gems/chef-13.3.42/lib/chef/application.rb:244:in `block in run_chef_client'
/opt/chef/embedded/lib/ruby/gems/2.4.0/gems/chef-13.3.42/lib/chef/local_mode.rb:44:in `with_server_connectivity'
/opt/chef/embedded/lib/ruby/gems/2.4.0/gems/chef-13.3.42/lib/chef/application.rb:232:in `run_chef_client'
/opt/chef/embedded/lib/ruby/gems/2.4.0/gems/chef-13.3.42/lib/chef/application/client.rb:469:in `sleep_then_run_chef_client'
/opt/chef/embedded/lib/ruby/gems/2.4.0/gems/chef-13.3.42/lib/chef/application/client.rb:458:in `block in interval_run_chef_client'
/opt/chef/embedded/lib/ruby/gems/2.4.0/gems/chef-13.3.42/lib/chef/application/client.rb:457:in `loop'
/opt/chef/embedded/lib/ruby/gems/2.4.0/gems/chef-13.3.42/lib/chef/application/client.rb:457:in `interval_run_chef_client'
/opt/chef/embedded/lib/ruby/gems/2.4.0/gems/chef-13.3.42/lib/chef/application/client.rb:441:in `run_application'
/opt/chef/embedded/lib/ruby/gems/2.4.0/gems/chef-13.3.42/lib/chef/application.rb:59:in `run'
/opt/chef/embedded/lib/ruby/gems/2.4.0/gems/chef-13.3.42/lib/chef/application/solo.rb:225:in `run'
/opt/chef/embedded/lib/ruby/gems/2.4.0/gems/chef-13.3.42/bin/chef-solo:25:in `<top (required)>'
/usr/bin/chef-solo:58:in `load'
/usr/bin/chef-solo:58:in `<main>'